<?xml version="1.0" encoding="UTF-8"?>
<!-- Generated by org.testng.reporters.JUnitXMLReporter -->
<testsuite ignored="0" hostname="PCofSJ" failures="0" tests="3" name="Test" time="40.115" errors="0" timestamp="2025-08-09T22:13:44 IST">
  <testcase classname="testCases.TC_001_ValidLogin" name="login" time="4.299"/>
  <testcase classname="testCases.TC_002_LoginDDTValidations" name="loginDDT" time="4.697"/>
  <testcase classname="testCases.TC_002_LoginDDTValidations" name="loginDDT" time="12.144"/>
</testsuite> <!-- Test -->
