<?xml version="1.0" encoding="UTF-8"?>
<testng-results ignored="0" total="2" passed="2" failed="0" skipped="0">
  <reporter-output>
  </reporter-output>
  <suite started-at="2025-08-09T15:25:41 IST" name="Default suite" finished-at="2025-08-09T15:26:37 IST" duration-ms="55256">
    <groups>
    </groups>
    <test started-at="2025-08-09T15:25:41 IST" name="Default test" finished-at="2025-08-09T15:26:37 IST" duration-ms="55256">
      <class name="testCases.TC_002_LoginDDTValidations">
        <test-method is-config="true" signature="setup()[pri:0, instance:testCases.TC_002_LoginDDTValidations@217ed35e]" started-at="2025-08-09T15:25:41 IST" name="setup" finished-at="2025-08-09T15:25:46 IST" duration-ms="4160" status="PASS">
          <reporter-output>
          </reporter-output>
        </test-method> <!-- setup -->
        <test-method signature="loginDDT(java.lang.String,java.lang.String,java.lang.String)[pri:0, instance:testCases.TC_002_LoginDDTValidations@217ed35e]" started-at="2025-08-09T15:25:46 IST" name="loginDDT" data-provider="LoginData" finished-at="2025-08-09T15:26:24 IST" duration-ms="37427" status="PASS">
          <params>
            <param index="0">
              <value>
                <![CDATA[akhilqa@dummy.com]]>
              </value>
            </param>
            <param index="1">
              <value>
                <![CDATA[Apple12#]]>
              </value>
            </param>
            <param index="2">
              <value>
                <![CDATA[valid]]>
              </value>
            </param>
          </params>
          <reporter-output>
          </reporter-output>
        </test-method> <!-- loginDDT -->
        <test-method signature="loginDDT(java.lang.String,java.lang.String,java.lang.String)[pri:0, instance:testCases.TC_002_LoginDDTValidations@217ed35e]" started-at="2025-08-09T15:26:24 IST" name="loginDDT" data-provider="LoginData" finished-at="2025-08-09T15:26:37 IST" duration-ms="12743" status="PASS">
          <params>
            <param index="0">
              <value>
                <![CDATA[kuttappan@dummy.com]]>
              </value>
            </param>
            <param index="1">
              <value>
                <![CDATA[Appl12#]]>
              </value>
            </param>
            <param index="2">
              <value>
                <![CDATA[Invalid]]>
              </value>
            </param>
          </params>
          <reporter-output>
          </reporter-output>
        </test-method> <!-- loginDDT -->
        <test-method is-config="true" signature="tearDown()[pri:0, instance:testCases.TC_002_LoginDDTValidations@217ed35e]" started-at="2025-08-09T15:26:37 IST" name="tearDown" finished-at="2025-08-09T15:26:37 IST" duration-ms="91" status="PASS">
          <reporter-output>
          </reporter-output>
        </test-method> <!-- tearDown -->
      </class> <!-- testCases.TC_002_LoginDDTValidations -->
    </test> <!-- Default test -->
  </suite> <!-- Default suite -->
</testng-results>
