<?xml version="1.0" encoding="UTF-8"?>
<testng-results ignored="0" total="3" passed="3" failed="0" skipped="0">
  <reporter-output>
  </reporter-output>
  <suite started-at="2025-08-09T22:13:04 IST" name="Suite" finished-at="2025-08-09T22:13:44 IST" duration-ms="40115">
    <groups>
    </groups>
    <test started-at="2025-08-09T22:13:04 IST" name="Test" finished-at="2025-08-09T22:13:44 IST" duration-ms="40115">
      <class name="testCases.TC_002_LoginDDTValidations">
        <test-method is-config="true" signature="setup()[pri:0, instance:testCases.TC_002_LoginDDTValidations@6ed3ccb2]" started-at="2025-08-09T22:13:22 IST" name="setup" finished-at="2025-08-09T22:13:26 IST" duration-ms="3798" status="PASS">
          <reporter-output>
          </reporter-output>
        </test-method> <!-- setup -->
        <test-method signature="loginDDT(java.lang.String,java.lang.String,java.lang.String)[pri:0, instance:testCases.TC_002_LoginDDTValidations@6ed3ccb2]" started-at="2025-08-09T22:13:27 IST" name="loginDDT" data-provider="LoginData" finished-at="2025-08-09T22:13:32 IST" duration-ms="4697" status="PASS">
          <params>
            <param index="0">
              <value>
                <![CDATA[akhilqa@dummy.com]]>
              </value>
            </param>
            <param index="1">
              <value>
                <![CDATA[Apple12#]]>
              </value>
            </param>
            <param index="2">
              <value>
                <![CDATA[valid]]>
              </value>
            </param>
          </params>
          <reporter-output>
          </reporter-output>
        </test-method> <!-- loginDDT -->
        <test-method signature="loginDDT(java.lang.String,java.lang.String,java.lang.String)[pri:0, instance:testCases.TC_002_LoginDDTValidations@6ed3ccb2]" started-at="2025-08-09T22:13:32 IST" name="loginDDT" data-provider="LoginData" finished-at="2025-08-09T22:13:44 IST" duration-ms="12144" status="PASS">
          <params>
            <param index="0">
              <value>
                <![CDATA[kuttappan@dummy.com]]>
              </value>
            </param>
            <param index="1">
              <value>
                <![CDATA[Appl12#]]>
              </value>
            </param>
            <param index="2">
              <value>
                <![CDATA[Invalid]]>
              </value>
            </param>
          </params>
          <reporter-output>
          </reporter-output>
        </test-method> <!-- loginDDT -->
        <test-method is-config="true" signature="tearDown()[pri:0, instance:testCases.TC_002_LoginDDTValidations@6ed3ccb2]" started-at="2025-08-09T22:13:44 IST" name="tearDown" finished-at="2025-08-09T22:13:44 IST" duration-ms="215" status="PASS">
          <reporter-output>
          </reporter-output>
        </test-method> <!-- tearDown -->
      </class> <!-- testCases.TC_002_LoginDDTValidations -->
      <class name="testCases.TC_001_ValidLogin">
        <test-method is-config="true" signature="setup()[pri:0, instance:testCases.TC_001_ValidLogin@3cd3e762]" started-at="2025-08-09T22:13:04 IST" name="setup" finished-at="2025-08-09T22:13:17 IST" duration-ms="13053" status="PASS">
          <reporter-output>
          </reporter-output>
        </test-method> <!-- setup -->
        <test-method signature="login()[pri:0, instance:testCases.TC_001_ValidLogin@3cd3e762]" started-at="2025-08-09T22:13:17 IST" name="login" finished-at="2025-08-09T22:13:22 IST" duration-ms="4299" status="PASS">
          <reporter-output>
          </reporter-output>
        </test-method> <!-- login -->
        <test-method is-config="true" signature="tearDown()[pri:0, instance:testCases.TC_001_ValidLogin@3cd3e762]" started-at="2025-08-09T22:13:22 IST" name="tearDown" finished-at="2025-08-09T22:13:22 IST" duration-ms="193" status="PASS">
          <reporter-output>
          </reporter-output>
        </test-method> <!-- tearDown -->
      </class> <!-- testCases.TC_001_ValidLogin -->
    </test> <!-- Test -->
  </suite> <!-- Suite -->
</testng-results>
